<?xml version="1.0" encoding="UTF-8"?>
<!-- Generated by org.testng.reporters.JUnitXMLReporter -->
<testsuite ignored="0" hostname="DESKTOP-1BVA85T" failures="0" tests="2" name="Default test" time="9.887" errors="0" timestamp="2022-06-26T17:53:52 IST">
  <testcase classname="org.electropedia.testcases.DiscriptionPageTest" name="checkTblTitle" time="0.051"/>
  <testcase classname="org.electropedia.testcases.DiscriptionPageTest" name="saveIEVRefDataIntoTable" time="2.893"/>
</testsuite> <!-- Default test -->
