<?xml version="1.0" encoding="UTF-8"?>
<!-- Generated by org.testng.reporters.JUnitXMLReporter -->
<testsuite ignored="6" hostname="DESKTOP-1BVA85T" failures="0" tests="1" name="RestAssuredTests(failed)" time="6.444" errors="0" timestamp="2022-05-28T16:23:05 IST">
  <testcase classname="com.bookerapi.testcases.TC002_Get_Booking_By_Id" name="checkResponseTime_TC002" time="0.012"/>
  <testcase classname="com.bookerapi.testcases.TC002_Get_Booking_By_Id" name="checkContententType_TC002" time="0.0">
    <ignored/>
  </testcase> <!-- checkContententType_TC002 -->
  <testcase classname="com.bookerapi.testcases.TC002_Get_Booking_By_Id" name="checkStatusLine_TC002" time="0.0">
    <ignored/>
  </testcase> <!-- checkStatusLine_TC002 -->
  <testcase classname="com.bookerapi.testcases.TC002_Get_Booking_By_Id" name="checkResponseBody_TC002" time="0.0">
    <ignored/>
  </testcase> <!-- checkResponseBody_TC002 -->
  <testcase classname="com.bookerapi.testcases.TC002_Get_Booking_By_Id" name="tearDown" time="0.0">
    <ignored/>
  </testcase> <!-- tearDown -->
  <testcase classname="com.bookerapi.testcases.TC002_Get_Booking_By_Id" name="checkContentLength_TC002" time="0.0">
    <ignored/>
  </testcase> <!-- checkContentLength_TC002 -->
  <testcase classname="com.bookerapi.testcases.TC002_Get_Booking_By_Id" name="checkStatusCode_TC002" time="0.0">
    <ignored/>
  </testcase> <!-- checkStatusCode_TC002 -->
</testsuite> <!-- RestAssuredTests(failed) -->
