<?xml version="1.0" encoding="UTF-8"?>
<!-- Generated by org.testng.reporters.JUnitXMLReporter -->
<testsuite ignored="0" hostname="DESKTOP-1BVA85T" failures="0" tests="4" name="Test" time="16.377" errors="0" timestamp="2022-06-26T17:56:35 IST">
  <testcase classname="org.electropedia.testcases.VocabularyPageTest" name="checkPageTitle" time="0.022"/>
  <testcase classname="org.electropedia.testcases.VocabularyPageTest" name="checkLink" time="2.531"/>
  <testcase classname="org.electropedia.testcases.DiscriptionPageTest" name="checkTblTitle" time="0.049"/>
  <testcase classname="org.electropedia.testcases.DiscriptionPageTest" name="saveIEVRefDataIntoTable" time="3.317"/>
</testsuite> <!-- Test -->
