<?xml version="1.0" encoding="UTF-8"?>
<!-- Generated by org.testng.reporters.JUnitXMLReporter -->
<testsuite ignored="0" hostname="DESKTOP-1BVA85T" failures="0" tests="37" name="RestAssuredTests" time="161.995" errors="0" timestamp="2022-05-28T17:42:29 IST">
  <testcase classname="com.bookerapi.testcases.TC001_Get_All_Booking_Ids" name="checkContentEncoding_TC001" time="0.017"/>
  <testcase classname="com.bookerapi.testcases.TC001_Get_All_Booking_Ids" name="checkContentLength_TC001" time="0.002"/>
  <testcase classname="com.bookerapi.testcases.TC001_Get_All_Booking_Ids" name="checkContentType_TC001" time="0.003"/>
  <testcase classname="com.bookerapi.testcases.TC001_Get_All_Booking_Ids" name="checkCookies_TC001" time="0.009"/>
  <testcase classname="com.bookerapi.testcases.TC001_Get_All_Booking_Ids" name="checkResponseBody_TC001" time="0.134"/>
  <testcase classname="com.bookerapi.testcases.TC001_Get_All_Booking_Ids" name="checkResponseTime_TC001" time="0.005"/>
  <testcase classname="com.bookerapi.testcases.TC001_Get_All_Booking_Ids" name="checkServerType_TC001" time="0.01"/>
  <testcase classname="com.bookerapi.testcases.TC001_Get_All_Booking_Ids" name="checkStatusCode_TC001" time="0.004"/>
  <testcase classname="com.bookerapi.testcases.TC001_Get_All_Booking_Ids" name="checkStatusLine_TC001" time="0.002"/>
  <testcase classname="com.bookerapi.testcases.TC002_Get_Booking_By_Id" name="checkContentLength_TC002" time="0.005"/>
  <testcase classname="com.bookerapi.testcases.TC002_Get_Booking_By_Id" name="checkContententType_TC002" time="0.006"/>
  <testcase classname="com.bookerapi.testcases.TC002_Get_Booking_By_Id" name="checkResponseBody_TC002" time="0.01"/>
  <testcase classname="com.bookerapi.testcases.TC002_Get_Booking_By_Id" name="checkResponseTime_TC002" time="0.002"/>
  <testcase classname="com.bookerapi.testcases.TC002_Get_Booking_By_Id" name="checkStatusCode_TC002" time="0.004"/>
  <testcase classname="com.bookerapi.testcases.TC002_Get_Booking_By_Id" name="checkStatusLine_TC002" time="0.002"/>
  <testcase classname="com.bookerapi.testcases.TC002_Get_Booking_By_Id" name="tearDown" time="0.004"/>
  <testcase classname="com.bookerapi.testcases.TC003_Post_CreateBooking" name="checkContentEncoder_TC003" time="0.004"/>
  <testcase classname="com.bookerapi.testcases.TC003_Post_CreateBooking" name="checkContentType_TC003" time="0.002"/>
  <testcase classname="com.bookerapi.testcases.TC003_Post_CreateBooking" name="checkResponseBody_TC003" time="1.676"/>
  <testcase classname="com.bookerapi.testcases.TC003_Post_CreateBooking" name="checkResponseBody_TC003" time="1.573"/>
  <testcase classname="com.bookerapi.testcases.TC003_Post_CreateBooking" name="checkResponseBody_TC003" time="1.491"/>
  <testcase classname="com.bookerapi.testcases.TC003_Post_CreateBooking" name="checkResponseBody_TC003" time="1.515"/>
  <testcase classname="com.bookerapi.testcases.TC003_Post_CreateBooking" name="checkServerType_TC003" time="0.004"/>
  <testcase classname="com.bookerapi.testcases.TC003_Post_CreateBooking" name="checkStatusCode_TC003" time="0.001"/>
  <testcase classname="com.bookerapi.testcases.TC003_Post_CreateBooking" name="checkStatusLine" time="0.004"/>
  <testcase classname="com.bookerapi.testcases.TC004_Update_Booking" name="checkContentEncoder_TC004" time="0.002"/>
  <testcase classname="com.bookerapi.testcases.TC004_Update_Booking" name="checkContentType_TC004" time="0.005"/>
  <testcase classname="com.bookerapi.testcases.TC004_Update_Booking" name="checkResponseBody_TC004" time="1.326"/>
  <testcase classname="com.bookerapi.testcases.TC004_Update_Booking" name="checkServerType_TC004" time="0.003"/>
  <testcase classname="com.bookerapi.testcases.TC004_Update_Booking" name="checkStatusCode_TC004" time="0.003"/>
  <testcase classname="com.bookerapi.testcases.TC004_Update_Booking" name="checkStatusLine_TC004" time="0.004"/>
  <testcase classname="com.bookerapi.testcases.TC005_Delete_Booking" name="checkContentEncoder_TC005" time="0.001"/>
  <testcase classname="com.bookerapi.testcases.TC005_Delete_Booking" name="checkContentType_TC005" time="0.003"/>
  <testcase classname="com.bookerapi.testcases.TC005_Delete_Booking" name="checkResponseBody_TC005" time="3.356"/>
  <testcase classname="com.bookerapi.testcases.TC005_Delete_Booking" name="checkServerType_TC005" time="0.004"/>
  <testcase classname="com.bookerapi.testcases.TC005_Delete_Booking" name="checkStatusCode_TC005" time="0.001"/>
  <testcase classname="com.bookerapi.testcases.TC005_Delete_Booking" name="checkStatusLine_TC005" time="0.001"/>
</testsuite> <!-- RestAssuredTests -->
