<?xml version="1.0" encoding="UTF-8"?>
<testng-results ignored="0" total="4" passed="4" failed="0" skipped="0">
  <reporter-output>
  </reporter-output>
  <suite started-at="2022-06-26T17:56:19 IST" name="Suite" finished-at="2022-06-26T17:56:35 IST" duration-ms="16377">
    <groups>
    </groups>
    <test started-at="2022-06-26T17:56:19 IST" name="Test" finished-at="2022-06-26T17:56:35 IST" duration-ms="16377">
      <class name="org.electropedia.testcases.DiscriptionPageTest">
        <test-method is-config="true" signature="initiation()[pri:0, instance:org.electropedia.testcases.DiscriptionPageTest@7d900ecf]" started-at="2022-06-26T17:56:26 IST" name="initiation" finished-at="2022-06-26T17:56:32 IST" duration-ms="5977" status="PASS">
          <reporter-output>
          </reporter-output>
        </test-method> <!-- initiation -->
        <test-method signature="checkTblTitle()[pri:0, instance:org.electropedia.testcases.DiscriptionPageTest@7d900ecf]" started-at="2022-06-26T17:56:32 IST" name="checkTblTitle" finished-at="2022-06-26T17:56:32 IST" duration-ms="49" status="PASS">
          <reporter-output>
          </reporter-output>
        </test-method> <!-- checkTblTitle -->
        <test-method signature="saveIEVRefDataIntoTable()[pri:0, instance:org.electropedia.testcases.DiscriptionPageTest@7d900ecf]" started-at="2022-06-26T17:56:32 IST" name="saveIEVRefDataIntoTable" finished-at="2022-06-26T17:56:35 IST" duration-ms="3317" status="PASS">
          <reporter-output>
          </reporter-output>
        </test-method> <!-- saveIEVRefDataIntoTable -->
      </class> <!-- org.electropedia.testcases.DiscriptionPageTest -->
      <class name="org.electropedia.testcases.VocabularyPageTest">
        <test-method is-config="true" signature="initiation()[pri:0, instance:org.electropedia.testcases.VocabularyPageTest@5a59ca5e]" started-at="2022-06-26T17:56:19 IST" name="initiation" finished-at="2022-06-26T17:56:23 IST" duration-ms="4398" status="PASS">
          <reporter-output>
          </reporter-output>
        </test-method> <!-- initiation -->
        <test-method signature="checkPageTitle()[pri:1, instance:org.electropedia.testcases.VocabularyPageTest@5a59ca5e]" started-at="2022-06-26T17:56:23 IST" name="checkPageTitle" finished-at="2022-06-26T17:56:23 IST" duration-ms="22" status="PASS">
          <reporter-output>
          </reporter-output>
        </test-method> <!-- checkPageTitle -->
        <test-method signature="checkLink()[pri:2, instance:org.electropedia.testcases.VocabularyPageTest@5a59ca5e]" started-at="2022-06-26T17:56:23 IST" name="checkLink" finished-at="2022-06-26T17:56:26 IST" duration-ms="2531" status="PASS">
          <reporter-output>
          </reporter-output>
        </test-method> <!-- checkLink -->
      </class> <!-- org.electropedia.testcases.VocabularyPageTest -->
    </test> <!-- Test -->
  </suite> <!-- Suite -->
</testng-results>
